 WARN  Unsupported engine: wanted: {"node":">=18"} (current: {"node":"v16.20.0","pnpm":"8.2.0"})

> nextjs-commerce@ build /Users/serturk/Documents/code/der-collection/apps/nextjs-commerce
> next build

- warn You have enabled experimental feature (serverActions) in next.config.js.
- warn Experimental features are not covered by semver, and may cause unexpected or broken application behavior. Use at your own risk.

- info Creating an optimized production build...
- info Compiled successfully
- info Skipping linting
- info Checking validity of types...
- info Collecting page data...
- info Generating static pages (0/5)
- info Generating static pages (1/5)
- info Generating static pages (2/5)

Error occurred prerendering page "/sitemap.xml". Read more: https://nextjs.org/docs/messages/prerender-error
[object Object]
- info Generating static pages (3/5)
- info Generating static pages (5/5)

> Export encountered errors on following paths:
	/sitemap.xml/route: /sitemap.xml
 ELIFECYCLE  Command failed with exit code 1.
